folder created /home/student/projects/DO4_LinuxMonitoring_v2.0-0/src/01/test/agus_210422 Thu 21 Apr 2022 06:15:40 AM UTC
file created /home/student/projects/DO4_LinuxMonitoring_v2.0-0/src/01/test/agus_210422/aazz_210422.az Thu 21 Apr 2022 06:15:40 AM UTC 5kb
file created /home/student/projects/DO4_LinuxMonitoring_v2.0-0/src/01/test/agus_210422/aaaz_210422.az Thu 21 Apr 2022 06:15:40 AM UTC 5kb
file created /home/student/projects/DO4_LinuxMonitoring_v2.0-0/src/01/test/agus_210422/azzz_210422.az Thu 21 Apr 2022 06:15:40 AM UTC 5kb
file created /home/student/projects/DO4_LinuxMonitoring_v2.0-0/src/01/test/agus_210422/aazzz_210422.az Thu 21 Apr 2022 06:15:40 AM UTC 5kb
file created /home/student/projects/DO4_LinuxMonitoring_v2.0-0/src/01/test/agus_210422/aaazz_210422.az Thu 21 Apr 2022 06:15:40 AM UTC 5kb
folder created /home/student/projects/DO4_LinuxMonitoring_v2.0-0/src/01/test/aagus_210422 Thu 21 Apr 2022 06:15:40 AM UTC
file created /home/student/projects/DO4_LinuxMonitoring_v2.0-0/src/01/test/aagus_210422/aazz_210422.az Thu 21 Apr 2022 06:15:40 AM UTC 5kb
file created /home/student/projects/DO4_LinuxMonitoring_v2.0-0/src/01/test/aagus_210422/aaaz_210422.az Thu 21 Apr 2022 06:15:40 AM UTC 5kb
file created /home/student/projects/DO4_LinuxMonitoring_v2.0-0/src/01/test/aagus_210422/azzz_210422.az Thu 21 Apr 2022 06:15:40 AM UTC 5kb
file created /home/student/projects/DO4_LinuxMonitoring_v2.0-0/src/01/test/aagus_210422/aazzz_210422.az Thu 21 Apr 2022 06:15:40 AM UTC 5kb
file created /home/student/projects/DO4_LinuxMonitoring_v2.0-0/src/01/test/aagus_210422/aaazz_210422.az Thu 21 Apr 2022 06:15:40 AM UTC 5kb
folder created /home/student/projects/DO4_LinuxMonitoring_v2.0-0/src/01/test/aggus_210422 Thu 21 Apr 2022 06:15:40 AM UTC
file created /home/student/projects/DO4_LinuxMonitoring_v2.0-0/src/01/test/aggus_210422/aazz_210422.az Thu 21 Apr 2022 06:15:40 AM UTC 5kb
file created /home/student/projects/DO4_LinuxMonitoring_v2.0-0/src/01/test/aggus_210422/aaaz_210422.az Thu 21 Apr 2022 06:15:41 AM UTC 5kb
file created /home/student/projects/DO4_LinuxMonitoring_v2.0-0/src/01/test/aggus_210422/azzz_210422.az Thu 21 Apr 2022 06:15:41 AM UTC 5kb
file created /home/student/projects/DO4_LinuxMonitoring_v2.0-0/src/01/test/aggus_210422/aazzz_210422.az Thu 21 Apr 2022 06:15:41 AM UTC 5kb
file created /home/student/projects/DO4_LinuxMonitoring_v2.0-0/src/01/test/aggus_210422/aaazz_210422.az Thu 21 Apr 2022 06:15:41 AM UTC 5kb
folder created /home/student/projects/DO4_LinuxMonitoring_v2.0-0/src/01/test/aguus_210422 Thu 21 Apr 2022 06:15:41 AM UTC
file created /home/student/projects/DO4_LinuxMonitoring_v2.0-0/src/01/test/aguus_210422/aazz_210422.az Thu 21 Apr 2022 06:15:41 AM UTC 5kb
file created /home/student/projects/DO4_LinuxMonitoring_v2.0-0/src/01/test/aguus_210422/aaaz_210422.az Thu 21 Apr 2022 06:15:41 AM UTC 5kb
file created /home/student/projects/DO4_LinuxMonitoring_v2.0-0/src/01/test/aguus_210422/azzz_210422.az Thu 21 Apr 2022 06:15:41 AM UTC 5kb
file created /home/student/projects/DO4_LinuxMonitoring_v2.0-0/src/01/test/aguus_210422/aazzz_210422.az Thu 21 Apr 2022 06:15:41 AM UTC 5kb
file created /home/student/projects/DO4_LinuxMonitoring_v2.0-0/src/01/test/aguus_210422/aaazz_210422.az Thu 21 Apr 2022 06:15:41 AM UTC 5kb
folder created /home/student/projects/DO4_LinuxMonitoring_v2.0-0/src/01/test/agus_210422 Thu 21 Apr 2022 06:25:55 AM UTC
file created /home/student/projects/DO4_LinuxMonitoring_v2.0-0/src/01/test/agus_210422/aazz_210422.az Thu 21 Apr 2022 06:25:55 AM UTC 5kb
file created /home/student/projects/DO4_LinuxMonitoring_v2.0-0/src/01/test/agus_210422/aaaz_210422.az Thu 21 Apr 2022 06:25:55 AM UTC 5kb
file created /home/student/projects/DO4_LinuxMonitoring_v2.0-0/src/01/test/agus_210422/azzz_210422.az Thu 21 Apr 2022 06:25:55 AM UTC 5kb
file created /home/student/projects/DO4_LinuxMonitoring_v2.0-0/src/01/test/agus_210422/aazzz_210422.az Thu 21 Apr 2022 06:25:55 AM UTC 5kb
file created /home/student/projects/DO4_LinuxMonitoring_v2.0-0/src/01/test/agus_210422/aaazz_210422.az Thu 21 Apr 2022 06:25:55 AM UTC 5kb
folder created /home/student/projects/DO4_LinuxMonitoring_v2.0-0/src/01/test/aagus_210422 Thu 21 Apr 2022 06:25:55 AM UTC
file created /home/student/projects/DO4_LinuxMonitoring_v2.0-0/src/01/test/aagus_210422/aazz_210422.az Thu 21 Apr 2022 06:25:55 AM UTC 5kb
file created /home/student/projects/DO4_LinuxMonitoring_v2.0-0/src/01/test/aagus_210422/aaaz_210422.az Thu 21 Apr 2022 06:25:55 AM UTC 5kb
file created /home/student/projects/DO4_LinuxMonitoring_v2.0-0/src/01/test/aagus_210422/azzz_210422.az Thu 21 Apr 2022 06:25:55 AM UTC 5kb
file created /home/student/projects/DO4_LinuxMonitoring_v2.0-0/src/01/test/aagus_210422/aazzz_210422.az Thu 21 Apr 2022 06:25:55 AM UTC 5kb
file created /home/student/projects/DO4_LinuxMonitoring_v2.0-0/src/01/test/aagus_210422/aaazz_210422.az Thu 21 Apr 2022 06:25:55 AM UTC 5kb
folder created /home/student/projects/DO4_LinuxMonitoring_v2.0-0/src/01/test/aggus_210422 Thu 21 Apr 2022 06:25:55 AM UTC
file created /home/student/projects/DO4_LinuxMonitoring_v2.0-0/src/01/test/aggus_210422/aazz_210422.az Thu 21 Apr 2022 06:25:55 AM UTC 5kb
file created /home/student/projects/DO4_LinuxMonitoring_v2.0-0/src/01/test/aggus_210422/aaaz_210422.az Thu 21 Apr 2022 06:25:55 AM UTC 5kb
file created /home/student/projects/DO4_LinuxMonitoring_v2.0-0/src/01/test/aggus_210422/azzz_210422.az Thu 21 Apr 2022 06:25:55 AM UTC 5kb
file created /home/student/projects/DO4_LinuxMonitoring_v2.0-0/src/01/test/aggus_210422/aazzz_210422.az Thu 21 Apr 2022 06:25:55 AM UTC 5kb
file created /home/student/projects/DO4_LinuxMonitoring_v2.0-0/src/01/test/aggus_210422/aaazz_210422.az Thu 21 Apr 2022 06:25:55 AM UTC 5kb
folder created /home/student/projects/DO4_LinuxMonitoring_v2.0-0/src/01/test/aguus_210422 Thu 21 Apr 2022 06:25:55 AM UTC
file created /home/student/projects/DO4_LinuxMonitoring_v2.0-0/src/01/test/aguus_210422/aazz_210422.az Thu 21 Apr 2022 06:25:55 AM UTC 5kb
file created /home/student/projects/DO4_LinuxMonitoring_v2.0-0/src/01/test/aguus_210422/aaaz_210422.az Thu 21 Apr 2022 06:25:56 AM UTC 5kb
file created /home/student/projects/DO4_LinuxMonitoring_v2.0-0/src/01/test/aguus_210422/azzz_210422.az Thu 21 Apr 2022 06:25:56 AM UTC 5kb
file created /home/student/projects/DO4_LinuxMonitoring_v2.0-0/src/01/test/aguus_210422/aazzz_210422.az Thu 21 Apr 2022 06:25:56 AM UTC 5kb
file created /home/student/projects/DO4_LinuxMonitoring_v2.0-0/src/01/test/aguus_210422/aaazz_210422.az Thu 21 Apr 2022 06:25:56 AM UTC 5kb
folder created /home/student/projects/DO4_LinuxMonitoring_v2.0-0/src/01/test/agus_210422 Thu 21 Apr 2022 06:26:38 AM UTC
file created /home/student/projects/DO4_LinuxMonitoring_v2.0-0/src/01/test/agus_210422/aazz_210422.az Thu 21 Apr 2022 06:26:38 AM UTC 5kb
file created /home/student/projects/DO4_LinuxMonitoring_v2.0-0/src/01/test/agus_210422/aaaz_210422.az Thu 21 Apr 2022 06:26:38 AM UTC 5kb
file created /home/student/projects/DO4_LinuxMonitoring_v2.0-0/src/01/test/agus_210422/azzz_210422.az Thu 21 Apr 2022 06:26:38 AM UTC 5kb
file created /home/student/projects/DO4_LinuxMonitoring_v2.0-0/src/01/test/agus_210422/aazzz_210422.az Thu 21 Apr 2022 06:26:38 AM UTC 5kb
file created /home/student/projects/DO4_LinuxMonitoring_v2.0-0/src/01/test/agus_210422/aaazz_210422.az Thu 21 Apr 2022 06:26:38 AM UTC 5kb
folder created /home/student/projects/DO4_LinuxMonitoring_v2.0-0/src/01/test/aagus_210422 Thu 21 Apr 2022 06:26:38 AM UTC
file created /home/student/projects/DO4_LinuxMonitoring_v2.0-0/src/01/test/aagus_210422/aazz_210422.az Thu 21 Apr 2022 06:26:38 AM UTC 5kb
file created /home/student/projects/DO4_LinuxMonitoring_v2.0-0/src/01/test/aagus_210422/aaaz_210422.az Thu 21 Apr 2022 06:26:38 AM UTC 5kb
file created /home/student/projects/DO4_LinuxMonitoring_v2.0-0/src/01/test/aagus_210422/azzz_210422.az Thu 21 Apr 2022 06:26:38 AM UTC 5kb
file created /home/student/projects/DO4_LinuxMonitoring_v2.0-0/src/01/test/aagus_210422/aazzz_210422.az Thu 21 Apr 2022 06:26:38 AM UTC 5kb
file created /home/student/projects/DO4_LinuxMonitoring_v2.0-0/src/01/test/aagus_210422/aaazz_210422.az Thu 21 Apr 2022 06:26:38 AM UTC 5kb
folder created /home/student/projects/DO4_LinuxMonitoring_v2.0-0/src/01/test/aggus_210422 Thu 21 Apr 2022 06:26:38 AM UTC
file created /home/student/projects/DO4_LinuxMonitoring_v2.0-0/src/01/test/aggus_210422/aazz_210422.az Thu 21 Apr 2022 06:26:38 AM UTC 5kb
file created /home/student/projects/DO4_LinuxMonitoring_v2.0-0/src/01/test/aggus_210422/aaaz_210422.az Thu 21 Apr 2022 06:26:38 AM UTC 5kb
file created /home/student/projects/DO4_LinuxMonitoring_v2.0-0/src/01/test/aggus_210422/azzz_210422.az Thu 21 Apr 2022 06:26:38 AM UTC 5kb
file created /home/student/projects/DO4_LinuxMonitoring_v2.0-0/src/01/test/aggus_210422/aazzz_210422.az Thu 21 Apr 2022 06:26:38 AM UTC 5kb
file created /home/student/projects/DO4_LinuxMonitoring_v2.0-0/src/01/test/aggus_210422/aaazz_210422.az Thu 21 Apr 2022 06:26:38 AM UTC 5kb
folder created /home/student/projects/DO4_LinuxMonitoring_v2.0-0/src/01/test/aguus_210422 Thu 21 Apr 2022 06:26:38 AM UTC
file created /home/student/projects/DO4_LinuxMonitoring_v2.0-0/src/01/test/aguus_210422/aazz_210422.az Thu 21 Apr 2022 06:26:38 AM UTC 5kb
file created /home/student/projects/DO4_LinuxMonitoring_v2.0-0/src/01/test/aguus_210422/aaaz_210422.az Thu 21 Apr 2022 06:26:38 AM UTC 5kb
file created /home/student/projects/DO4_LinuxMonitoring_v2.0-0/src/01/test/aguus_210422/azzz_210422.az Thu 21 Apr 2022 06:26:38 AM UTC 5kb
file created /home/student/projects/DO4_LinuxMonitoring_v2.0-0/src/01/test/aguus_210422/aazzz_210422.az Thu 21 Apr 2022 06:26:38 AM UTC 5kb
file created /home/student/projects/DO4_LinuxMonitoring_v2.0-0/src/01/test/aguus_210422/aaazz_210422.az Thu 21 Apr 2022 06:26:38 AM UTC 5kb
folder created /home/student/projects/DO4_LinuxMonitoring_v2.0-0/src/01/test/agus_210422 Thu 21 Apr 2022 06:30:10 AM UTC
file created /home/student/projects/DO4_LinuxMonitoring_v2.0-0/src/01/test/agus_210422/aazz_210422.az Thu 21 Apr 2022 06:30:10 AM UTC 5kb
file created /home/student/projects/DO4_LinuxMonitoring_v2.0-0/src/01/test/agus_210422/aaaz_210422.az Thu 21 Apr 2022 06:30:10 AM UTC 5kb
file created /home/student/projects/DO4_LinuxMonitoring_v2.0-0/src/01/test/agus_210422/azzz_210422.az Thu 21 Apr 2022 06:30:10 AM UTC 5kb
file created /home/student/projects/DO4_LinuxMonitoring_v2.0-0/src/01/test/agus_210422/aazzz_210422.az Thu 21 Apr 2022 06:30:10 AM UTC 5kb
file created /home/student/projects/DO4_LinuxMonitoring_v2.0-0/src/01/test/agus_210422/aaazz_210422.az Thu 21 Apr 2022 06:30:10 AM UTC 5kb
folder created /home/student/projects/DO4_LinuxMonitoring_v2.0-0/src/01/test/aagus_210422 Thu 21 Apr 2022 06:30:10 AM UTC
file created /home/student/projects/DO4_LinuxMonitoring_v2.0-0/src/01/test/aagus_210422/aazz_210422.az Thu 21 Apr 2022 06:30:10 AM UTC 5kb
file created /home/student/projects/DO4_LinuxMonitoring_v2.0-0/src/01/test/aagus_210422/aaaz_210422.az Thu 21 Apr 2022 06:30:10 AM UTC 5kb
file created /home/student/projects/DO4_LinuxMonitoring_v2.0-0/src/01/test/aagus_210422/azzz_210422.az Thu 21 Apr 2022 06:30:10 AM UTC 5kb
file created /home/student/projects/DO4_LinuxMonitoring_v2.0-0/src/01/test/aagus_210422/aazzz_210422.az Thu 21 Apr 2022 06:30:10 AM UTC 5kb
file created /home/student/projects/DO4_LinuxMonitoring_v2.0-0/src/01/test/aagus_210422/aaazz_210422.az Thu 21 Apr 2022 06:30:10 AM UTC 5kb
folder created /home/student/projects/DO4_LinuxMonitoring_v2.0-0/src/01/test/aggus_210422 Thu 21 Apr 2022 06:30:10 AM UTC
file created /home/student/projects/DO4_LinuxMonitoring_v2.0-0/src/01/test/aggus_210422/aazz_210422.az Thu 21 Apr 2022 06:30:10 AM UTC 5kb
file created /home/student/projects/DO4_LinuxMonitoring_v2.0-0/src/01/test/aggus_210422/aaaz_210422.az Thu 21 Apr 2022 06:30:10 AM UTC 5kb
file created /home/student/projects/DO4_LinuxMonitoring_v2.0-0/src/01/test/aggus_210422/azzz_210422.az Thu 21 Apr 2022 06:30:10 AM UTC 5kb
file created /home/student/projects/DO4_LinuxMonitoring_v2.0-0/src/01/test/aggus_210422/aazzz_210422.az Thu 21 Apr 2022 06:30:10 AM UTC 5kb
file created /home/student/projects/DO4_LinuxMonitoring_v2.0-0/src/01/test/aggus_210422/aaazz_210422.az Thu 21 Apr 2022 06:30:10 AM UTC 5kb
folder created /home/student/projects/DO4_LinuxMonitoring_v2.0-0/src/01/test/aguus_210422 Thu 21 Apr 2022 06:30:10 AM UTC
file created /home/student/projects/DO4_LinuxMonitoring_v2.0-0/src/01/test/aguus_210422/aazz_210422.az Thu 21 Apr 2022 06:30:10 AM UTC 5kb
file created /home/student/projects/DO4_LinuxMonitoring_v2.0-0/src/01/test/aguus_210422/aaaz_210422.az Thu 21 Apr 2022 06:30:10 AM UTC 5kb
file created /home/student/projects/DO4_LinuxMonitoring_v2.0-0/src/01/test/aguus_210422/azzz_210422.az Thu 21 Apr 2022 06:30:10 AM UTC 5kb
file created /home/student/projects/DO4_LinuxMonitoring_v2.0-0/src/01/test/aguus_210422/aazzz_210422.az Thu 21 Apr 2022 06:30:10 AM UTC 5kb
file created /home/student/projects/DO4_LinuxMonitoring_v2.0-0/src/01/test/aguus_210422/aaazz_210422.az Thu 21 Apr 2022 06:30:10 AM UTC 5kb
folder created /home/student/projects/DO4_LinuxMonitoring_v2.0-0/src/01/test/aajs_260422 Tue 26 Apr 2022 06:24:46 AM UTC
file created /home/student/projects/DO4_LinuxMonitoring_v2.0-0/src/01/test/aajs_260422/aasj_260422.lk Tue 26 Apr 2022 06:24:46 AM UTC 3kb
file created /home/student/projects/DO4_LinuxMonitoring_v2.0-0/src/01/test/aajs_260422/assj_260422.lk Tue 26 Apr 2022 06:24:46 AM UTC 3kb
folder created /home/student/projects/DO4_LinuxMonitoring_v2.0-0/src/01/test/ajjs_260422 Tue 26 Apr 2022 06:24:46 AM UTC
file created /home/student/projects/DO4_LinuxMonitoring_v2.0-0/src/01/test/ajjs_260422/aasj_260422.lk Tue 26 Apr 2022 06:24:46 AM UTC 3kb
file created /home/student/projects/DO4_LinuxMonitoring_v2.0-0/src/01/test/ajjs_260422/assj_260422.lk Tue 26 Apr 2022 06:24:47 AM UTC 3kb
folder created /home/student/projects/DO4_LinuxMonitoring_v2.0-0/src/01/test/ajss_260422 Tue 26 Apr 2022 06:24:47 AM UTC
file created /home/student/projects/DO4_LinuxMonitoring_v2.0-0/src/01/test/ajss_260422/aasj_260422.lk Tue 26 Apr 2022 06:24:47 AM UTC 3kb
file created /home/student/projects/DO4_LinuxMonitoring_v2.0-0/src/01/test/ajss_260422/assj_260422.lk Tue 26 Apr 2022 06:24:47 AM UTC 3kb
folder created /home/student/projects/DO4_LinuxMonitoring_v2.0-0/src/01/test/aass_260422 Tue 26 Apr 2022 06:25:37 AM UTC
file created /home/student/projects/DO4_LinuxMonitoring_v2.0-0/src/01/test/aass_260422/bbnn_260422.lk Tue 26 Apr 2022 06:25:37 AM UTC 3kb
file created /home/student/projects/DO4_LinuxMonitoring_v2.0-0/src/01/test/aass_260422/bbbn_260422.lk Tue 26 Apr 2022 06:25:37 AM UTC 3kb
folder created /home/student/projects/DO4_LinuxMonitoring_v2.0-0/src/01/test/aaas_260422 Tue 26 Apr 2022 06:25:37 AM UTC
file created /home/student/projects/DO4_LinuxMonitoring_v2.0-0/src/01/test/aaas_260422/bbnn_260422.lk Tue 26 Apr 2022 06:25:37 AM UTC 3kb
file created /home/student/projects/DO4_LinuxMonitoring_v2.0-0/src/01/test/aaas_260422/bbbn_260422.lk Tue 26 Apr 2022 06:25:37 AM UTC 3kb
folder created /home/student/projects/DO4_LinuxMonitoring_v2.0-0/src/01/test/asss_260422 Tue 26 Apr 2022 06:25:37 AM UTC
file created /home/student/projects/DO4_LinuxMonitoring_v2.0-0/src/01/test/asss_260422/bbnn_260422.lk Tue 26 Apr 2022 06:25:37 AM UTC 3kb
file created /home/student/projects/DO4_LinuxMonitoring_v2.0-0/src/01/test/asss_260422/bbbn_260422.lk Tue 26 Apr 2022 06:25:37 AM UTC 3kb
folder created /home/student/projects/DO4_LinuxMonitoring_v2.0-0/src/01/test/aass_260422 Tue 26 Apr 2022 06:25:59 AM UTC
file created /home/student/projects/DO4_LinuxMonitoring_v2.0-0/src/01/test/aass_260422/bbnn_260422.lk Tue 26 Apr 2022 06:25:59 AM UTC 3kb
file created /home/student/projects/DO4_LinuxMonitoring_v2.0-0/src/01/test/aass_260422/bbbn_260422.lk Tue 26 Apr 2022 06:25:59 AM UTC 3kb
folder created /home/student/projects/DO4_LinuxMonitoring_v2.0-0/src/01/test/aaas_260422 Tue 26 Apr 2022 06:25:59 AM UTC
file created /home/student/projects/DO4_LinuxMonitoring_v2.0-0/src/01/test/aaas_260422/bbnn_260422.lk Tue 26 Apr 2022 06:25:59 AM UTC 3kb
file created /home/student/projects/DO4_LinuxMonitoring_v2.0-0/src/01/test/aaas_260422/bbbn_260422.lk Tue 26 Apr 2022 06:25:59 AM UTC 3kb
folder created /home/student/projects/DO4_LinuxMonitoring_v2.0-0/src/01/test/asss_260422 Tue 26 Apr 2022 06:25:59 AM UTC
file created /home/student/projects/DO4_LinuxMonitoring_v2.0-0/src/01/test/asss_260422/bbnn_260422.lk Tue 26 Apr 2022 06:25:59 AM UTC 3kb
file created /home/student/projects/DO4_LinuxMonitoring_v2.0-0/src/01/test/asss_260422/bbbn_260422.lk Tue 26 Apr 2022 06:25:59 AM UTC 3kb
folder created /home/student/projects/DO4_LinuxMonitoring_v2.0-0/src/01/test/aass_260422 Tue 26 Apr 2022 06:26:18 AM UTC
file created /home/student/projects/DO4_LinuxMonitoring_v2.0-0/src/01/test/aass_260422/bbnn_260422.lk Tue 26 Apr 2022 06:26:18 AM UTC 3kb
file created /home/student/projects/DO4_LinuxMonitoring_v2.0-0/src/01/test/aass_260422/bbbn_260422.lk Tue 26 Apr 2022 06:26:18 AM UTC 3kb
folder created /home/student/projects/DO4_LinuxMonitoring_v2.0-0/src/01/test/aaas_260422 Tue 26 Apr 2022 06:26:18 AM UTC
file created /home/student/projects/DO4_LinuxMonitoring_v2.0-0/src/01/test/aaas_260422/bbnn_260422.lk Tue 26 Apr 2022 06:26:19 AM UTC 3kb
file created /home/student/projects/DO4_LinuxMonitoring_v2.0-0/src/01/test/aaas_260422/bbbn_260422.lk Tue 26 Apr 2022 06:26:19 AM UTC 3kb
folder created /home/student/projects/DO4_LinuxMonitoring_v2.0-0/src/01/test/asss_260422 Tue 26 Apr 2022 06:26:19 AM UTC
file created /home/student/projects/DO4_LinuxMonitoring_v2.0-0/src/01/test/asss_260422/bbnn_260422.lk Tue 26 Apr 2022 06:26:19 AM UTC 3kb
file created /home/student/projects/DO4_LinuxMonitoring_v2.0-0/src/01/test/asss_260422/bbbn_260422.lk Tue 26 Apr 2022 06:26:19 AM UTC 3kb
folder created /home/student/projects/DO4_LinuxMonitoring_v2.0-0/src/01/test/aass_260422 Tue 26 Apr 2022 06:27:31 AM UTC
file created /home/student/projects/DO4_LinuxMonitoring_v2.0-0/src/01/test/aass_260422/bbnn_260422.lk Tue 26 Apr 2022 06:27:31 AM UTC 3kb
file created /home/student/projects/DO4_LinuxMonitoring_v2.0-0/src/01/test/aass_260422/bbbn_260422.lk Tue 26 Apr 2022 06:27:31 AM UTC 3kb
folder created /home/student/projects/DO4_LinuxMonitoring_v2.0-0/src/01/test/aaas_260422 Tue 26 Apr 2022 06:27:31 AM UTC
file created /home/student/projects/DO4_LinuxMonitoring_v2.0-0/src/01/test/aaas_260422/bbnn_260422.lk Tue 26 Apr 2022 06:27:31 AM UTC 3kb
file created /home/student/projects/DO4_LinuxMonitoring_v2.0-0/src/01/test/aaas_260422/bbbn_260422.lk Tue 26 Apr 2022 06:27:31 AM UTC 3kb
folder created /home/student/projects/DO4_LinuxMonitoring_v2.0-0/src/01/test/asss_260422 Tue 26 Apr 2022 06:27:31 AM UTC
file created /home/student/projects/DO4_LinuxMonitoring_v2.0-0/src/01/test/asss_260422/bbnn_260422.lk Tue 26 Apr 2022 06:27:31 AM UTC 3kb
file created /home/student/projects/DO4_LinuxMonitoring_v2.0-0/src/01/test/asss_260422/bbbn_260422.lk Tue 26 Apr 2022 06:27:31 AM UTC 3kb
folder created /home/student/projects/DO4_LinuxMonitoring_v2.0-0/src/01/test/aass_260422 Tue 26 Apr 2022 06:27:44 AM UTC
file created /home/student/projects/DO4_LinuxMonitoring_v2.0-0/src/01/test/aass_260422/bbnn_260422.lk Tue 26 Apr 2022 06:27:44 AM UTC 3kb
file created /home/student/projects/DO4_LinuxMonitoring_v2.0-0/src/01/test/aass_260422/bbbn_260422.lk Tue 26 Apr 2022 06:27:44 AM UTC 3kb
folder created /home/student/projects/DO4_LinuxMonitoring_v2.0-0/src/01/test/aaas_260422 Tue 26 Apr 2022 06:27:44 AM UTC
file created /home/student/projects/DO4_LinuxMonitoring_v2.0-0/src/01/test/aaas_260422/bbnn_260422.lk Tue 26 Apr 2022 06:27:44 AM UTC 3kb
file created /home/student/projects/DO4_LinuxMonitoring_v2.0-0/src/01/test/aaas_260422/bbbn_260422.lk Tue 26 Apr 2022 06:27:44 AM UTC 3kb
folder created /home/student/projects/DO4_LinuxMonitoring_v2.0-0/src/01/test/asss_260422 Tue 26 Apr 2022 06:27:45 AM UTC
file created /home/student/projects/DO4_LinuxMonitoring_v2.0-0/src/01/test/asss_260422/bbnn_260422.lk Tue 26 Apr 2022 06:27:45 AM UTC 3kb
file created /home/student/projects/DO4_LinuxMonitoring_v2.0-0/src/01/test/asss_260422/bbbn_260422.lk Tue 26 Apr 2022 06:27:45 AM UTC 3kb
folder created /home/student/projects/DO4_LinuxMonitoring_v2.0-0/src/01/test/aass_260422 Tue 26 Apr 2022 06:29:17 AM UTC
file created /home/student/projects/DO4_LinuxMonitoring_v2.0-0/src/01/test/aass_260422/bbnn_260422.lk Tue 26 Apr 2022 06:29:17 AM UTC 3kb
file created /home/student/projects/DO4_LinuxMonitoring_v2.0-0/src/01/test/aass_260422/bbbn_260422.lk Tue 26 Apr 2022 06:29:17 AM UTC 3kb
folder created /home/student/projects/DO4_LinuxMonitoring_v2.0-0/src/01/test/aaas_260422 Tue 26 Apr 2022 06:29:17 AM UTC
file created /home/student/projects/DO4_LinuxMonitoring_v2.0-0/src/01/test/aaas_260422/bbnn_260422.lk Tue 26 Apr 2022 06:29:17 AM UTC 3kb
file created /home/student/projects/DO4_LinuxMonitoring_v2.0-0/src/01/test/aaas_260422/bbbn_260422.lk Tue 26 Apr 2022 06:29:17 AM UTC 3kb
folder created /home/student/projects/DO4_LinuxMonitoring_v2.0-0/src/01/test/asss_260422 Tue 26 Apr 2022 06:29:17 AM UTC
file created /home/student/projects/DO4_LinuxMonitoring_v2.0-0/src/01/test/asss_260422/bbnn_260422.lk Tue 26 Apr 2022 06:29:17 AM UTC 3kb
file created /home/student/projects/DO4_LinuxMonitoring_v2.0-0/src/01/test/asss_260422/bbbn_260422.lk Tue 26 Apr 2022 06:29:17 AM UTC 3kb
folder created /home/student/projects/DO4_LinuxMonitoring_v2.0-0/src/01/test/aass_260422 Tue 26 Apr 2022 06:29:37 AM UTC
file created /home/student/projects/DO4_LinuxMonitoring_v2.0-0/src/01/test/aass_260422/bbnn_260422.lk Tue 26 Apr 2022 06:29:37 AM UTC 3kb
file created /home/student/projects/DO4_LinuxMonitoring_v2.0-0/src/01/test/aass_260422/bbbn_260422.lk Tue 26 Apr 2022 06:29:38 AM UTC 3kb
folder created /home/student/projects/DO4_LinuxMonitoring_v2.0-0/src/01/test/aaas_260422 Tue 26 Apr 2022 06:29:38 AM UTC
file created /home/student/projects/DO4_LinuxMonitoring_v2.0-0/src/01/test/aaas_260422/bbnn_260422.lk Tue 26 Apr 2022 06:29:38 AM UTC 3kb
file created /home/student/projects/DO4_LinuxMonitoring_v2.0-0/src/01/test/aaas_260422/bbbn_260422.lk Tue 26 Apr 2022 06:29:38 AM UTC 3kb
folder created /home/student/projects/DO4_LinuxMonitoring_v2.0-0/src/01/test/asss_260422 Tue 26 Apr 2022 06:29:38 AM UTC
file created /home/student/projects/DO4_LinuxMonitoring_v2.0-0/src/01/test/asss_260422/bbnn_260422.lk Tue 26 Apr 2022 06:29:38 AM UTC 3kb
file created /home/student/projects/DO4_LinuxMonitoring_v2.0-0/src/01/test/asss_260422/bbbn_260422.lk Tue 26 Apr 2022 06:29:38 AM UTC 3kb
folder created /home/student/projects/DO4_LinuxMonitoring_v2.0-0/src/01/test/aass_260422 Tue 26 Apr 2022 06:30:43 AM UTC
file created /home/student/projects/DO4_LinuxMonitoring_v2.0-0/src/01/test/aass_260422/bbnn_260422.lk Tue 26 Apr 2022 06:30:43 AM UTC 3kb
file created /home/student/projects/DO4_LinuxMonitoring_v2.0-0/src/01/test/aass_260422/bbbn_260422.lk Tue 26 Apr 2022 06:30:43 AM UTC 3kb
file created /home/student/projects/DO4_LinuxMonitoring_v2.0-0/src/01/test/aass_260422/bnnn_260422.lk Tue 26 Apr 2022 06:30:43 AM UTC 3kb
file created /home/student/projects/DO4_LinuxMonitoring_v2.0-0/src/01/test/aass_260422/bbnnn_260422.lk Tue 26 Apr 2022 06:30:43 AM UTC 3kb
file created /home/student/projects/DO4_LinuxMonitoring_v2.0-0/src/01/test/aass_260422/bbbnn_260422.lk Tue 26 Apr 2022 06:30:43 AM UTC 3kb
file created /home/student/projects/DO4_LinuxMonitoring_v2.0-0/src/01/test/aass_260422/bbbbn_260422.lk Tue 26 Apr 2022 06:30:43 AM UTC 3kb
file created /home/student/projects/DO4_LinuxMonitoring_v2.0-0/src/01/test/aass_260422/bnnnn_260422.lk Tue 26 Apr 2022 06:30:43 AM UTC 3kb
file created /home/student/projects/DO4_LinuxMonitoring_v2.0-0/src/01/test/aass_260422/bbnnnn_260422.lk Tue 26 Apr 2022 06:30:43 AM UTC 3kb
file created /home/student/projects/DO4_LinuxMonitoring_v2.0-0/src/01/test/aass_260422/bbbnnn_260422.lk Tue 26 Apr 2022 06:30:43 AM UTC 3kb
folder created /home/student/projects/DO4_LinuxMonitoring_v2.0-0/src/01/test/aaas_260422 Tue 26 Apr 2022 06:30:43 AM UTC
file created /home/student/projects/DO4_LinuxMonitoring_v2.0-0/src/01/test/aaas_260422/bbnn_260422.lk Tue 26 Apr 2022 06:30:43 AM UTC 3kb
file created /home/student/projects/DO4_LinuxMonitoring_v2.0-0/src/01/test/aaas_260422/bbbn_260422.lk Tue 26 Apr 2022 06:30:43 AM UTC 3kb
file created /home/student/projects/DO4_LinuxMonitoring_v2.0-0/src/01/test/aaas_260422/bnnn_260422.lk Tue 26 Apr 2022 06:30:43 AM UTC 3kb
file created /home/student/projects/DO4_LinuxMonitoring_v2.0-0/src/01/test/aaas_260422/bbnnn_260422.lk Tue 26 Apr 2022 06:30:43 AM UTC 3kb
file created /home/student/projects/DO4_LinuxMonitoring_v2.0-0/src/01/test/aaas_260422/bbbnn_260422.lk Tue 26 Apr 2022 06:30:43 AM UTC 3kb
file created /home/student/projects/DO4_LinuxMonitoring_v2.0-0/src/01/test/aaas_260422/bbbbn_260422.lk Tue 26 Apr 2022 06:30:43 AM UTC 3kb
file created /home/student/projects/DO4_LinuxMonitoring_v2.0-0/src/01/test/aaas_260422/bnnnn_260422.lk Tue 26 Apr 2022 06:30:43 AM UTC 3kb
file created /home/student/projects/DO4_LinuxMonitoring_v2.0-0/src/01/test/aaas_260422/bbnnnn_260422.lk Tue 26 Apr 2022 06:30:43 AM UTC 3kb
file created /home/student/projects/DO4_LinuxMonitoring_v2.0-0/src/01/test/aaas_260422/bbbnnn_260422.lk Tue 26 Apr 2022 06:30:43 AM UTC 3kb
folder created /home/student/projects/DO4_LinuxMonitoring_v2.0-0/src/01/test/asss_260422 Tue 26 Apr 2022 06:30:43 AM UTC
file created /home/student/projects/DO4_LinuxMonitoring_v2.0-0/src/01/test/asss_260422/bbnn_260422.lk Tue 26 Apr 2022 06:30:43 AM UTC 3kb
file created /home/student/projects/DO4_LinuxMonitoring_v2.0-0/src/01/test/asss_260422/bbbn_260422.lk Tue 26 Apr 2022 06:30:43 AM UTC 3kb
file created /home/student/projects/DO4_LinuxMonitoring_v2.0-0/src/01/test/asss_260422/bnnn_260422.lk Tue 26 Apr 2022 06:30:43 AM UTC 3kb
file created /home/student/projects/DO4_LinuxMonitoring_v2.0-0/src/01/test/asss_260422/bbnnn_260422.lk Tue 26 Apr 2022 06:30:43 AM UTC 3kb
file created /home/student/projects/DO4_LinuxMonitoring_v2.0-0/src/01/test/asss_260422/bbbnn_260422.lk Tue 26 Apr 2022 06:30:43 AM UTC 3kb
file created /home/student/projects/DO4_LinuxMonitoring_v2.0-0/src/01/test/asss_260422/bbbbn_260422.lk Tue 26 Apr 2022 06:30:43 AM UTC 3kb
file created /home/student/projects/DO4_LinuxMonitoring_v2.0-0/src/01/test/asss_260422/bnnnn_260422.lk Tue 26 Apr 2022 06:30:43 AM UTC 3kb
file created /home/student/projects/DO4_LinuxMonitoring_v2.0-0/src/01/test/asss_260422/bbnnnn_260422.lk Tue 26 Apr 2022 06:30:43 AM UTC 3kb
file created /home/student/projects/DO4_LinuxMonitoring_v2.0-0/src/01/test/asss_260422/bbbnnn_260422.lk Tue 26 Apr 2022 06:30:43 AM UTC 3kb
folder created /home/student/projects/DO4_LinuxMonitoring_v2.0-0/src/01/test/aasss_260422 Tue 26 Apr 2022 06:30:43 AM UTC
file created /home/student/projects/DO4_LinuxMonitoring_v2.0-0/src/01/test/aasss_260422/bbnn_260422.lk Tue 26 Apr 2022 06:30:43 AM UTC 3kb
file created /home/student/projects/DO4_LinuxMonitoring_v2.0-0/src/01/test/aasss_260422/bbbn_260422.lk Tue 26 Apr 2022 06:30:43 AM UTC 3kb
file created /home/student/projects/DO4_LinuxMonitoring_v2.0-0/src/01/test/aasss_260422/bnnn_260422.lk Tue 26 Apr 2022 06:30:44 AM UTC 3kb
file created /home/student/projects/DO4_LinuxMonitoring_v2.0-0/src/01/test/aasss_260422/bbnnn_260422.lk Tue 26 Apr 2022 06:30:44 AM UTC 3kb
file created /home/student/projects/DO4_LinuxMonitoring_v2.0-0/src/01/test/aasss_260422/bbbnn_260422.lk Tue 26 Apr 2022 06:30:44 AM UTC 3kb
file created /home/student/projects/DO4_LinuxMonitoring_v2.0-0/src/01/test/aasss_260422/bbbbn_260422.lk Tue 26 Apr 2022 06:30:44 AM UTC 3kb
file created /home/student/projects/DO4_LinuxMonitoring_v2.0-0/src/01/test/aasss_260422/bnnnn_260422.lk Tue 26 Apr 2022 06:30:44 AM UTC 3kb
file created /home/student/projects/DO4_LinuxMonitoring_v2.0-0/src/01/test/aasss_260422/bbnnnn_260422.lk Tue 26 Apr 2022 06:30:44 AM UTC 3kb
file created /home/student/projects/DO4_LinuxMonitoring_v2.0-0/src/01/test/aasss_260422/bbbnnn_260422.lk Tue 26 Apr 2022 06:30:44 AM UTC 3kb
folder created /home/student/projects/DO4_LinuxMonitoring_v2.0-0/src/01/test/aass_260422 Tue 26 Apr 2022 06:35:01 AM UTC
file created /home/student/projects/DO4_LinuxMonitoring_v2.0-0/src/01/test/aass_260422/bbnn_260422.lk Tue 26 Apr 2022 06:35:01 AM UTC 3kb
file created /home/student/projects/DO4_LinuxMonitoring_v2.0-0/src/01/test/aass_260422/bbbn_260422.lk Tue 26 Apr 2022 06:35:01 AM UTC 3kb
folder created /home/student/projects/DO4_LinuxMonitoring_v2.0-0/src/01/test/aaas_260422 Tue 26 Apr 2022 06:35:01 AM UTC
file created /home/student/projects/DO4_LinuxMonitoring_v2.0-0/src/01/test/aaas_260422/bbnn_260422.lk Tue 26 Apr 2022 06:35:01 AM UTC 3kb
file created /home/student/projects/DO4_LinuxMonitoring_v2.0-0/src/01/test/aaas_260422/bbbn_260422.lk Tue 26 Apr 2022 06:35:01 AM UTC 3kb
folder created /home/student/projects/DO4_LinuxMonitoring_v2.0-0/src/01/test/asss_260422 Tue 26 Apr 2022 06:35:01 AM UTC
file created /home/student/projects/DO4_LinuxMonitoring_v2.0-0/src/01/test/asss_260422/bbnn_260422.lk Tue 26 Apr 2022 06:35:01 AM UTC 3kb
file created /home/student/projects/DO4_LinuxMonitoring_v2.0-0/src/01/test/asss_260422/bbbn_260422.lk Tue 26 Apr 2022 06:35:01 AM UTC 3kb
folder created /home/student/projects/DO4_LinuxMonitoring_v2.0-0/src/01/test/aass_260422 Tue 26 Apr 2022 06:38:41 AM UTC
file created /home/student/projects/DO4_LinuxMonitoring_v2.0-0/src/01/test/aass_260422/bbnn_260422.lk Tue 26 Apr 2022 06:38:41 AM UTC 3kb
file created /home/student/projects/DO4_LinuxMonitoring_v2.0-0/src/01/test/aass_260422/bbbn_260422.lk Tue 26 Apr 2022 06:38:41 AM UTC 3kb
folder created /home/student/projects/DO4_LinuxMonitoring_v2.0-0/src/01/test/aaas_260422 Tue 26 Apr 2022 06:38:41 AM UTC
file created /home/student/projects/DO4_LinuxMonitoring_v2.0-0/src/01/test/aaas_260422/bbnn_260422.lk Tue 26 Apr 2022 06:38:41 AM UTC 3kb
file created /home/student/projects/DO4_LinuxMonitoring_v2.0-0/src/01/test/aaas_260422/bbbn_260422.lk Tue 26 Apr 2022 06:38:41 AM UTC 3kb
folder created /home/student/projects/DO4_LinuxMonitoring_v2.0-0/src/01/test/asss_260422 Tue 26 Apr 2022 06:38:41 AM UTC
file created /home/student/projects/DO4_LinuxMonitoring_v2.0-0/src/01/test/asss_260422/bbnn_260422.lk Tue 26 Apr 2022 06:38:41 AM UTC 3kb
file created /home/student/projects/DO4_LinuxMonitoring_v2.0-0/src/01/test/asss_260422/bbbn_260422.lk Tue 26 Apr 2022 06:38:41 AM UTC 3kb
folder created /home/student/projects/DO4_LinuxMonitoring_v2.0-0/src/01/test/aass_260422 Tue 26 Apr 2022 06:41:00 AM UTC
file created /home/student/projects/DO4_LinuxMonitoring_v2.0-0/src/01/test/aass_260422/bbnn_260422.lk Tue 26 Apr 2022 06:41:00 AM UTC 3kb
file created /home/student/projects/DO4_LinuxMonitoring_v2.0-0/src/01/test/aass_260422/bbbn_260422.lk Tue 26 Apr 2022 06:41:00 AM UTC 3kb
folder created /home/student/projects/DO4_LinuxMonitoring_v2.0-0/src/01/test/aaas_260422 Tue 26 Apr 2022 06:41:00 AM UTC
file created /home/student/projects/DO4_LinuxMonitoring_v2.0-0/src/01/test/aaas_260422/bbnn_260422.lk Tue 26 Apr 2022 06:41:00 AM UTC 3kb
file created /home/student/projects/DO4_LinuxMonitoring_v2.0-0/src/01/test/aaas_260422/bbbn_260422.lk Tue 26 Apr 2022 06:41:00 AM UTC 3kb
folder created /home/student/projects/DO4_LinuxMonitoring_v2.0-0/src/01/test/asss_260422 Tue 26 Apr 2022 06:41:00 AM UTC
file created /home/student/projects/DO4_LinuxMonitoring_v2.0-0/src/01/test/asss_260422/bbnn_260422.lk Tue 26 Apr 2022 06:41:00 AM UTC 3kb
file created /home/student/projects/DO4_LinuxMonitoring_v2.0-0/src/01/test/asss_260422/bbbn_260422.lk Tue 26 Apr 2022 06:41:00 AM UTC 3kb
folder created /home/student/projects/DO4_LinuxMonitoring_v2.0-0/src/01/test/aass_260422 Tue 26 Apr 2022 06:44:25 AM UTC
file created /home/student/projects/DO4_LinuxMonitoring_v2.0-0/src/01/test/aass_260422/bbnn_260422.lk Tue 26 Apr 2022 06:44:25 AM UTC 3kb
file created /home/student/projects/DO4_LinuxMonitoring_v2.0-0/src/01/test/aass_260422/bbbn_260422.lk Tue 26 Apr 2022 06:44:25 AM UTC 3kb
folder created /home/student/projects/DO4_LinuxMonitoring_v2.0-0/src/01/test/aaas_260422 Tue 26 Apr 2022 06:44:25 AM UTC
file created /home/student/projects/DO4_LinuxMonitoring_v2.0-0/src/01/test/aaas_260422/bbnn_260422.lk Tue 26 Apr 2022 06:44:25 AM UTC 3kb
file created /home/student/projects/DO4_LinuxMonitoring_v2.0-0/src/01/test/aaas_260422/bbbn_260422.lk Tue 26 Apr 2022 06:44:25 AM UTC 3kb
folder created /home/student/projects/DO4_LinuxMonitoring_v2.0-0/src/01/test/asss_260422 Tue 26 Apr 2022 06:44:25 AM UTC
file created /home/student/projects/DO4_LinuxMonitoring_v2.0-0/src/01/test/asss_260422/bbnn_260422.lk Tue 26 Apr 2022 06:44:25 AM UTC 3kb
file created /home/student/projects/DO4_LinuxMonitoring_v2.0-0/src/01/test/asss_260422/bbbn_260422.lk Tue 26 Apr 2022 06:44:25 AM UTC 3kb
